This is pdfTeX, Version 3.1415926-2.5-1.40.14 (MiKTeX 2.9 64-bit) (preloaded format=pdflatex 2014.8.11)  2 OCT 2014 14:41
entering extended mode
**D:/Dropbox/Assignments/Algorthims/crh13_cs211_a2/report/crh13_cs211_a2.tex
(D:/Dropbox/Assignments/Algorthims/crh13_cs211_a2/report/crh13_cs211_a2.tex
LaTeX2e <2011/06/27>
Babel <v3.8m> and hyphenation patterns for loaded.
(D:\Dropbox\Assignments\Algorthims\crh13_cs211_a2\report\sig-alternate.cls
("C:\Program Files\MiKTeX 2.9\tex/latex\graphics\epsfig.sty"
Package: epsfig 1999/02/16 v1.7a (e)psfig emulation (SPQR)

("C:\Program Files\MiKTeX 2.9\tex/latex\graphics\graphicx.sty"
Package: graphicx 1999/02/16 v1.0f Enhanced LaTeX Graphics (DPC,SPQR)

("C:\Program Files\MiKTeX 2.9\tex/latex\graphics\keyval.sty"
Package: keyval 1999/03/16 v1.13 key=value parser (DPC)
\KV@toks@=\toks14
)
("C:\Program Files\MiKTeX 2.9\tex/latex\graphics\graphics.sty"
Package: graphics 2009/02/05 v1.0o Standard LaTeX Graphics (DPC,SPQR)

("C:\Program Files\MiKTeX 2.9\tex/latex\graphics\trig.sty"
Package: trig 1999/03/16 v1.09 sin cos tan (DPC)
)
("C:\Program Files\MiKTeX 2.9\tex/latex\00miktex\graphics.cfg"
File: graphics.cfg 2007/01/18 v1.5 graphics configuration of teTeX/TeXLive
)
Package graphics Info: Driver file: pdftex.def on input line 91.

("C:\Program Files\MiKTeX 2.9\tex/latex\pdftex-def\pdftex.def"
File: pdftex.def 2011/05/27 v0.06d Graphics/color for pdfTeX

("C:\Program Files\MiKTeX 2.9\tex/generic\oberdiek\infwarerr.sty"
Package: infwarerr 2010/04/08 v1.3 Providing info/warning/error messages (HO)
)
("C:\Program Files\MiKTeX 2.9\tex/generic\oberdiek\ltxcmds.sty"
Package: ltxcmds 2011/11/09 v1.22 LaTeX kernel commands for general use (HO)
)
\Gread@gobject=\count79
))
\Gin@req@height=\dimen102
\Gin@req@width=\dimen103
)
\epsfxsize=\dimen104
\epsfysize=\dimen105
)
("C:\Program Files\MiKTeX 2.9\tex/latex\amsfonts\amssymb.sty"
Package: amssymb 2013/01/14 v3.01 AMS font symbols

("C:\Program Files\MiKTeX 2.9\tex/latex\amsfonts\amsfonts.sty"
Package: amsfonts 2013/01/14 v3.01 Basic AMSFonts support
\@emptytoks=\toks15
\symAMSa=\mathgroup4
\symAMSb=\mathgroup5
LaTeX Font Info:    Overwriting math alphabet `\mathfrak' in version `bold'
(Font)                  U/euf/m/n --> U/euf/b/n on input line 106.
))
("C:\Program Files\MiKTeX 2.9\tex/latex\amsmath\amsmath.sty"
Package: amsmath 2013/01/14 v2.14 AMS math features
\@mathmargin=\skip41

For additional information on amsmath, use the `?' option.
("C:\Program Files\MiKTeX 2.9\tex/latex\amsmath\amstext.sty"
Package: amstext 2000/06/29 v2.01

("C:\Program Files\MiKTeX 2.9\tex/latex\amsmath\amsgen.sty"
File: amsgen.sty 1999/11/30 v2.0
\@emptytoks=\toks16
\ex@=\dimen106
))
("C:\Program Files\MiKTeX 2.9\tex/latex\amsmath\amsbsy.sty"
Package: amsbsy 1999/11/29 v1.2d
\pmbraise@=\dimen107
)
("C:\Program Files\MiKTeX 2.9\tex/latex\amsmath\amsopn.sty"
Package: amsopn 1999/12/14 v2.01 operator names
)
\inf@bad=\count80
LaTeX Info: Redefining \frac on input line 210.
\uproot@=\count81
\leftroot@=\count82
LaTeX Info: Redefining \overline on input line 306.
\classnum@=\count83
\DOTSCASE@=\count84
LaTeX Info: Redefining \ldots on input line 378.
LaTeX Info: Redefining \dots on input line 381.
LaTeX Info: Redefining \cdots on input line 466.
\Mathstrutbox@=\box26
\strutbox@=\box27
\big@size=\dimen108
LaTeX Font Info:    Redeclaring font encoding OML on input line 566.
LaTeX Font Info:    Redeclaring font encoding OMS on input line 567.
\macc@depth=\count85
\c@MaxMatrixCols=\count86
\dotsspace@=\muskip10
\c@parentequation=\count87
\dspbrk@lvl=\count88
\tag@help=\toks17
\row@=\count89
\column@=\count90
\maxfields@=\count91
\andhelp@=\toks18
\eqnshift@=\dimen109
\alignsep@=\dimen110
\tagshift@=\dimen111
\tagwidth@=\dimen112
\totwidth@=\dimen113
\lineht@=\dimen114
\@envbody=\toks19
\multlinegap=\skip42
\multlinetaggap=\skip43
\mathdisplay@stack=\toks20
LaTeX Info: Redefining \[ on input line 2665.
LaTeX Info: Redefining \] on input line 2666.
)
Document Class 'sig-alternate' <23rd. May '12>. Modified by G.K.M. Tobin/Gerry 
Murray
Based in part upon document Style `acmconf' <22 May 89>. Hacked 4/91 by
shivers@cs.cmu.edu, 4/93 by theobald@cs.mcgill.ca
Excerpts were taken from (Journal Style) 'esub2acm.cls'.
****** Bugs/comments/suggestions/technicalities to Gerry Murray -- murray@hq.ac
m.org ******
Questions on the style, SIGS policies, etc. to Adrienne Griscti griscti@acm.org

\footheight=\dimen115
\@maxsep=\dimen116
\@dblmaxsep=\dimen117
\aucount=\count92
\originalaucount=\count93
\auwidth=\dimen118
\auskip=\dimen119
\auskipcount=\count94
\auskip=\dimen120
\allauboxes=\dimen121
\addauthors=\toks21
\addauflag=\count95
\subtitletext=\toks22
\savesection=\count96
\sectioncntr=\count97
\c@figure=\count98
\c@table=\count99
\titleboxnotes=\toks23
\titleboxnoteflag=\count100
Document Class: sig-alternate 2012/05/23 - V2.5 - based on acmproc.cls V1.3 <No
v. 30 '99>
("C:\Program Files\MiKTeX 2.9\tex/latex\base\latexsym.sty"
Package: latexsym 1998/08/17 v2.2e Standard LaTeX package (lasy symbols)
\symlasy=\mathgroup6
LaTeX Font Info:    Overwriting symbol font `lasy' in version `bold'
(Font)                  U/lasy/m/n --> U/lasy/b/n on input line 47.
)
\@acmtitlebox=\box28
\titlenotecount=\count101
\tntoks=\toks24
\tntokstwo=\toks25
\tntoksthree=\toks26
\tntoksfour=\toks27
\tntoksfive=\toks28
\catcount=\count102
\copyrightnotice=\toks29
\conf=\toks30
\confinfo=\toks31
\c@part=\count103
\c@section=\count104
\c@subsection=\count105
\c@subsubsection=\count106
\c@paragraph=\count107

Using 'Abbrev' bibliography style
LaTeX Info: Redefining \cite on input line 1211.
\bibindent=\dimen122
\colcntr=\count108
\saveb@x=\box29
\copyrtyr=\toks32
\acmcopyr=\toks33
\boilerplate=\toks34
\copyrightetc=\toks35
("C:\Program Files\MiKTeX 2.9\tex/latex\base\fontenc.sty"
Package: fontenc 2005/09/27 v1.99g Standard LaTeX package

("C:\Program Files\MiKTeX 2.9\tex/latex\base\t1enc.def"
File: t1enc.def 2005/09/27 v1.99g Standard LaTeX file
LaTeX Font Info:    Redeclaring font encoding T1 on input line 43.
)
LaTeX Font Info:    Try loading font information for T1+aer on input line 100.

("C:\Program Files\MiKTeX 2.9\tex/latex\ae\t1aer.fd"
File: t1aer.fd 1997/11/16 Font definitions for T1/aer.
)))
(D:\Dropbox\Assignments\Algorthims\crh13_cs211_a2\report\crh13_cs211_a2.aux)
LaTeX Font Info:    Checking defaults for OML/cmm/m/it on input line 3.
LaTeX Font Info:    ... okay on input line 3.
LaTeX Font Info:    Checking defaults for T1/cmr/m/n on input line 3.
LaTeX Font Info:    ... okay on input line 3.
LaTeX Font Info:    Checking defaults for OT1/cmr/m/n on input line 3.
LaTeX Font Info:    ... okay on input line 3.
LaTeX Font Info:    Checking defaults for OMS/cmsy/m/n on input line 3.
LaTeX Font Info:    ... okay on input line 3.
LaTeX Font Info:    Checking defaults for OMX/cmex/m/n on input line 3.
LaTeX Font Info:    ... okay on input line 3.
LaTeX Font Info:    Checking defaults for U/cmr/m/n on input line 3.
LaTeX Font Info:    ... okay on input line 3.

("C:\Program Files\MiKTeX 2.9\tex\context\base\supp-pdf.mkii"
[Loading MPS to PDF converter (version 2006.09.02).]
\scratchcounter=\count109
\scratchdimen=\dimen123
\scratchbox=\box30
\nofMPsegments=\count110
\nofMParguments=\count111
\everyMPshowfont=\toks36
\MPscratchCnt=\count112
\MPscratchDim=\dimen124
\MPnumerator=\count113
\makeMPintoPDFobject=\count114
\everyMPtoPDFconversion=\toks37
)
LaTeX Font Info:    Try loading font information for U+msa on input line 24.
 ("C:\Program Files\MiKTeX 2.9\tex/latex\amsfonts\umsa.fd"
File: umsa.fd 2013/01/14 v3.01 AMS symbols A
)
LaTeX Font Info:    Try loading font information for U+msb on input line 24.

("C:\Program Files\MiKTeX 2.9\tex/latex\amsfonts\umsb.fd"
File: umsb.fd 2013/01/14 v3.01 AMS symbols B
)
LaTeX Font Info:    Try loading font information for U+lasy on input line 24.

("C:\Program Files\MiKTeX 2.9\tex/latex\base\ulasy.fd"
File: ulasy.fd 1998/08/17 v2.2e LaTeX symbol font definitions
)
Overfull \hbox (7.60469pt too wide) in paragraph at lines 90--91
[]\T1/aer/m/n/9 First Come First Served Sched-uler  \T1/aer/m/it/9 - Pro-vid-ed
 by Richard
 []

[1

pdfTeX warning: pdflatex.EXE (file pdftex.map): cannot open font map file


]

LaTeX Warning: `!h' float specifier changed to `!ht'.


Overfull \hbox (27.73769pt too wide) in paragraph at lines 187--193
 [][] 
 []

[2] <images/priority1.png, id=20, 362.10281pt x 217.5628pt>
File: images/priority1.png Graphic file (type png)

<use images/priority1.png>
Package pdftex.def Info: images/priority1.png used on input line 239.
(pdftex.def)             Requested size: 217.26335pt x 130.53868pt.

<images/lottery1.png, id=21, 417.81094pt x 217.5628pt>
File: images/lottery1.png Graphic file (type png)

<use images/lottery1.png>
Package pdftex.def Info: images/lottery1.png used on input line 300.
(pdftex.def)             Requested size: 250.68849pt x 130.53868pt.

Overfull \hbox (10.68849pt too wide) in paragraph at lines 300--302
 [][] 
 []

<images/lottery2.png, id=22, 417.81094pt x 217.5628pt>
File: images/lottery2.png Graphic file (type png)

<use images/lottery2.png>
Package pdftex.def Info: images/lottery2.png used on input line 329.
(pdftex.def)             Requested size: 250.68849pt x 130.53868pt.

Overfull \hbox (10.68849pt too wide) in paragraph at lines 329--331
 [][] 
 []


LaTeX Warning: `!h' float specifier changed to `!ht'.

[3 <D:/Dropbox/Assignments/Algorthims/crh13_cs211_a2/report/images/priority1.pn
g> <D:/Dropbox/Assignments/Algorthims/crh13_cs211_a2/report/images/lottery1.png
>]
Overfull \hbox (11.52852pt too wide) in paragraph at lines 416--423
 [][] 
 []


Overfull \hbox (11.52852pt too wide) in paragraph at lines 446--453
 [][] 
 []

[4 <D:/Dropbox/Assignments/Algorthims/crh13_cs211_a2/report/images/lottery2.png
>]
Overfull \hbox (11.52852pt too wide) in paragraph at lines 476--483
 [][] 
 []

<images/compare1.png, id=29, 355.3275pt x 211.54031pt>
File: images/compare1.png Graphic file (type png)

<use images/compare1.png>
Package pdftex.def Info: images/compare1.png used on input line 509.
(pdftex.def)             Requested size: 213.19814pt x 126.92516pt.


LaTeX Warning: `!h' float specifier changed to `!ht'.

<images/compare2.png, id=31, 362.10281pt x 217.5628pt>
File: images/compare2.png Graphic file (type png)

<use images/compare2.png>
Package pdftex.def Info: images/compare2.png used on input line 534.
(pdftex.def)             Requested size: 217.26335pt x 130.53868pt.
 [5 <D:/Dropbox/Assignments/Algorthims/crh13_cs211_a2/report/images/compare1.pn
g> <D:/Dropbox/Assignments/Algorthims/crh13_cs211_a2/report/images/compare2.png
>] [6]
(D:\Dropbox\Assignments\Algorthims\crh13_cs211_a2\report\crh13_cs211_a2.aux) ) 
Here is how much of TeX's memory you used:
 2442 strings out of 495352
 29229 string characters out of 3183046
 91319 words of memory out of 3000000
 5572 multiletter control sequences out of 15000+200000
 51785 words of font info for 68 fonts, out of 3000000 for 9000
 14 hyphenation exceptions out of 8191
 41i,10n,28p,512b,252s stack positions out of 5000i,500n,10000p,200000b,50000s

!pdfTeX error: pdflatex.EXE (file ptmbi8r): Font ptmbi8r at 720 not found
 ==> Fatal error occurred, no output PDF file produced!
